<?xml version="1.0" encoding="UTF-8"?>
<!-- Generated by org.testng.reporters.JUnitXMLReporter -->
<testsuite ignored="0" hostname="LAPTOP-MJNOQ855" failures="0" tests="3" name="Default test" time="73.762" errors="0" timestamp="2021-07-27T22:57:48 IST">
  <testcase classname="TestCases.AssignmentTest" name="Test1" time="19.561"/>
  <testcase classname="TestCases.AssignmentTest" name="Test2" time="31.526"/>
  <testcase classname="TestCases.AssignmentTest" name="Test3" time="18.499"/>
</testsuite> <!-- Default test -->
