<?xml version="1.0" encoding="UTF-8"?>
<testng-results ignored="0" total="3" passed="3" failed="0" skipped="0">
  <reporter-output>
  </reporter-output>
  <suite started-at="2021-07-27T22:56:34 IST" name="Default suite" finished-at="2021-07-27T22:57:48 IST" duration-ms="73762">
    <groups>
    </groups>
    <test started-at="2021-07-27T22:56:34 IST" name="Default test" finished-at="2021-07-27T22:57:48 IST" duration-ms="73762">
      <class name="TestCases.AssignmentTest">
        <test-method is-config="true" signature="setup()[pri:0, instance:TestCases.AssignmentTest@34f5090e]" started-at="2021-07-27T22:56:34 IST" name="setup" finished-at="2021-07-27T22:56:35 IST" duration-ms="1571" status="PASS">
          <reporter-output>
          </reporter-output>
        </test-method> <!-- setup -->
        <test-method signature="Test1()[pri:0, instance:TestCases.AssignmentTest@34f5090e]" started-at="2021-07-27T22:56:35 IST" name="Test1" finished-at="2021-07-27T22:56:55 IST" duration-ms="19561" status="PASS">
          <reporter-output>
          </reporter-output>
        </test-method> <!-- Test1 -->
        <test-method is-config="true" signature="teardown()[pri:0, instance:TestCases.AssignmentTest@34f5090e]" started-at="2021-07-27T22:56:55 IST" name="teardown" finished-at="2021-07-27T22:56:55 IST" duration-ms="262" status="PASS">
          <reporter-output>
          </reporter-output>
        </test-method> <!-- teardown -->
        <test-method is-config="true" signature="setup()[pri:0, instance:TestCases.AssignmentTest@34f5090e]" started-at="2021-07-27T22:56:55 IST" name="setup" finished-at="2021-07-27T22:56:56 IST" duration-ms="844" status="PASS">
          <reporter-output>
          </reporter-output>
        </test-method> <!-- setup -->
        <test-method signature="Test2()[pri:0, instance:TestCases.AssignmentTest@34f5090e]" started-at="2021-07-27T22:56:56 IST" name="Test2" finished-at="2021-07-27T22:57:28 IST" duration-ms="31526" status="PASS">
          <reporter-output>
          </reporter-output>
        </test-method> <!-- Test2 -->
        <test-method is-config="true" signature="teardown()[pri:0, instance:TestCases.AssignmentTest@34f5090e]" started-at="2021-07-27T22:57:28 IST" name="teardown" finished-at="2021-07-27T22:57:28 IST" duration-ms="267" status="PASS">
          <reporter-output>
          </reporter-output>
        </test-method> <!-- teardown -->
        <test-method is-config="true" signature="setup()[pri:0, instance:TestCases.AssignmentTest@34f5090e]" started-at="2021-07-27T22:57:28 IST" name="setup" finished-at="2021-07-27T22:57:29 IST" duration-ms="846" status="PASS">
          <reporter-output>
          </reporter-output>
        </test-method> <!-- setup -->
        <test-method signature="Test3()[pri:0, instance:TestCases.AssignmentTest@34f5090e]" started-at="2021-07-27T22:57:29 IST" name="Test3" finished-at="2021-07-27T22:57:47 IST" duration-ms="18499" status="PASS">
          <reporter-output>
          </reporter-output>
        </test-method> <!-- Test3 -->
        <test-method is-config="true" signature="teardown()[pri:0, instance:TestCases.AssignmentTest@34f5090e]" started-at="2021-07-27T22:57:47 IST" name="teardown" finished-at="2021-07-27T22:57:48 IST" duration-ms="321" status="PASS">
          <reporter-output>
          </reporter-output>
        </test-method> <!-- teardown -->
      </class> <!-- TestCases.AssignmentTest -->
    </test> <!-- Default test -->
  </suite> <!-- Default suite -->
</testng-results>
